This is pdfTeX, Version 3.14159265-2.6-1.40.17 (MiKTeX 2.9) (preloaded format=pdflatex 2016.7.30)  26 OCT 2016 08:31
entering extended mode
**./Net2PlanGuide_Vasco_Braz.tex
(Net2PlanGuide_Vasco_Braz.tex
LaTeX2e <2016/03/31> patch level 1
Babel <3.9r> and hyphenation patterns for 75 language(s) loaded.
("C:\Program Files (x86)\MiKTeX 2.9\tex\latex\base\article.cls"
Document Class: article 2014/09/29 v1.4h Standard LaTeX document class
("C:\Program Files (x86)\MiKTeX 2.9\tex\latex\base\size12.clo"
File: size12.clo 2014/09/29 v1.4h Standard LaTeX file (size option)
)
\c@part=\count79
\c@section=\count80
\c@subsection=\count81
\c@subsubsection=\count82
\c@paragraph=\count83
\c@subparagraph=\count84
\c@figure=\count85
\c@table=\count86
\abovecaptionskip=\skip41
\belowcaptionskip=\skip42
\bibindent=\dimen102
)
("C:\Program Files (x86)\MiKTeX 2.9\tex\latex\geometry\geometry.sty"
Package: geometry 2010/09/12 v5.6 Page Geometry

("C:\Program Files (x86)\MiKTeX 2.9\tex\latex\graphics\keyval.sty"
Package: keyval 2014/10/28 v1.15 key=value parser (DPC)
\KV@toks@=\toks14
)
("C:\Program Files (x86)\MiKTeX 2.9\tex\generic\oberdiek\ifpdf.sty"
Package: ifpdf 2016/05/14 v3.1 Provides the ifpdf switch
)
("C:\Program Files (x86)\MiKTeX 2.9\tex\generic\oberdiek\ifvtex.sty"
Package: ifvtex 2016/05/16 v1.6 Detect VTeX and its facilities (HO)
Package ifvtex Info: VTeX not detected.
)
("C:\Program Files (x86)\MiKTeX 2.9\tex\generic\ifxetex\ifxetex.sty"
Package: ifxetex 2010/09/12 v0.6 Provides ifxetex conditional
)
\Gm@cnth=\count87
\Gm@cntv=\count88
\c@Gm@tempcnt=\count89
\Gm@bindingoffset=\dimen103
\Gm@wd@mp=\dimen104
\Gm@odd@mp=\dimen105
\Gm@even@mp=\dimen106
\Gm@layoutwidth=\dimen107
\Gm@layoutheight=\dimen108
\Gm@layouthoffset=\dimen109
\Gm@layoutvoffset=\dimen110
\Gm@dimlist=\toks15

("C:\Program Files (x86)\MiKTeX 2.9\tex\latex\geometry\geometry.cfg"))
("C:\Program Files (x86)\MiKTeX 2.9\tex\latex\psnfss\mathptmx.sty"
Package: mathptmx 2005/04/12 PSNFSS-v9.2a Times w/ Math, improved (SPQR, WaS) 
LaTeX Font Info:    Redeclaring symbol font `operators' on input line 28.
LaTeX Font Info:    Overwriting symbol font `operators' in version `normal'
(Font)                  OT1/cmr/m/n --> OT1/ztmcm/m/n on input line 28.
LaTeX Font Info:    Overwriting symbol font `operators' in version `bold'
(Font)                  OT1/cmr/bx/n --> OT1/ztmcm/m/n on input line 28.
LaTeX Font Info:    Redeclaring symbol font `letters' on input line 29.
LaTeX Font Info:    Overwriting symbol font `letters' in version `normal'
(Font)                  OML/cmm/m/it --> OML/ztmcm/m/it on input line 29.
LaTeX Font Info:    Overwriting symbol font `letters' in version `bold'
(Font)                  OML/cmm/b/it --> OML/ztmcm/m/it on input line 29.
LaTeX Font Info:    Redeclaring symbol font `symbols' on input line 30.
LaTeX Font Info:    Overwriting symbol font `symbols' in version `normal'
(Font)                  OMS/cmsy/m/n --> OMS/ztmcm/m/n on input line 30.
LaTeX Font Info:    Overwriting symbol font `symbols' in version `bold'
(Font)                  OMS/cmsy/b/n --> OMS/ztmcm/m/n on input line 30.
LaTeX Font Info:    Redeclaring symbol font `largesymbols' on input line 31.
LaTeX Font Info:    Overwriting symbol font `largesymbols' in version `normal'
(Font)                  OMX/cmex/m/n --> OMX/ztmcm/m/n on input line 31.
LaTeX Font Info:    Overwriting symbol font `largesymbols' in version `bold'
(Font)                  OMX/cmex/m/n --> OMX/ztmcm/m/n on input line 31.
\symbold=\mathgroup4
\symitalic=\mathgroup5
LaTeX Font Info:    Redeclaring math alphabet \mathbf on input line 34.
LaTeX Font Info:    Overwriting math alphabet `\mathbf' in version `normal'
(Font)                  OT1/cmr/bx/n --> OT1/ptm/bx/n on input line 34.
LaTeX Font Info:    Overwriting math alphabet `\mathbf' in version `bold'
(Font)                  OT1/cmr/bx/n --> OT1/ptm/bx/n on input line 34.
LaTeX Font Info:    Redeclaring math alphabet \mathit on input line 35.
LaTeX Font Info:    Overwriting math alphabet `\mathit' in version `normal'
(Font)                  OT1/cmr/m/it --> OT1/ptm/m/it on input line 35.
LaTeX Font Info:    Overwriting math alphabet `\mathit' in version `bold'
(Font)                  OT1/cmr/bx/it --> OT1/ptm/m/it on input line 35.
LaTeX Info: Redefining \hbar on input line 50.
)
("C:\Program Files (x86)\MiKTeX 2.9\tex\latex\amsmath\amsmath.sty"
Package: amsmath 2016/03/10 v2.15b AMS math features
\@mathmargin=\skip43

For additional information on amsmath, use the `?' option.
("C:\Program Files (x86)\MiKTeX 2.9\tex\latex\amsmath\amstext.sty"
Package: amstext 2000/06/29 v2.01 AMS text

("C:\Program Files (x86)\MiKTeX 2.9\tex\latex\amsmath\amsgen.sty"
File: amsgen.sty 1999/11/30 v2.0 generic functions
\@emptytoks=\toks16
\ex@=\dimen111
))
("C:\Program Files (x86)\MiKTeX 2.9\tex\latex\amsmath\amsbsy.sty"
Package: amsbsy 1999/11/29 v1.2d Bold Symbols
\pmbraise@=\dimen112
)
("C:\Program Files (x86)\MiKTeX 2.9\tex\latex\amsmath\amsopn.sty"
Package: amsopn 2016/03/08 v2.02 operator names
)
\inf@bad=\count90
LaTeX Info: Redefining \frac on input line 199.
\uproot@=\count91
\leftroot@=\count92
LaTeX Info: Redefining \overline on input line 297.
\classnum@=\count93
\DOTSCASE@=\count94
LaTeX Info: Redefining \ldots on input line 394.
LaTeX Info: Redefining \dots on input line 397.
LaTeX Info: Redefining \cdots on input line 518.
\Mathstrutbox@=\box26
\strutbox@=\box27
\big@size=\dimen113
LaTeX Font Info:    Redeclaring font encoding OML on input line 634.
LaTeX Font Info:    Redeclaring font encoding OMS on input line 635.
\macc@depth=\count95
\c@MaxMatrixCols=\count96
\dotsspace@=\muskip10
\c@parentequation=\count97
\dspbrk@lvl=\count98
\tag@help=\toks17
\row@=\count99
\column@=\count100
\maxfields@=\count101
\andhelp@=\toks18
\eqnshift@=\dimen114
\alignsep@=\dimen115
\tagshift@=\dimen116
\tagwidth@=\dimen117
\totwidth@=\dimen118
\lineht@=\dimen119
\@envbody=\toks19
\multlinegap=\skip44
\multlinetaggap=\skip45
\mathdisplay@stack=\toks20
LaTeX Info: Redefining \[ on input line 2739.
LaTeX Info: Redefining \] on input line 2740.
)
("C:\Program Files (x86)\MiKTeX 2.9\tex\latex\amsfonts\amssymb.sty"
Package: amssymb 2013/01/14 v3.01 AMS font symbols

("C:\Program Files (x86)\MiKTeX 2.9\tex\latex\amsfonts\amsfonts.sty"
Package: amsfonts 2013/01/14 v3.01 Basic AMSFonts support
\symAMSa=\mathgroup6
\symAMSb=\mathgroup7
LaTeX Font Info:    Overwriting math alphabet `\mathfrak' in version `bold'
(Font)                  U/euf/m/n --> U/euf/b/n on input line 106.
))
("C:\Program Files (x86)\MiKTeX 2.9\tex\latex\subfigure\subfigure.sty"
Package: subfigure 2002/07/30 v2.1.4 subfigure package
\subfigtopskip=\skip46
\subfigcapskip=\skip47
\subfigcaptopadj=\dimen120
\subfigbottomskip=\skip48
\subfigcapmargin=\dimen121
\subfiglabelskip=\skip49
\c@subfigure=\count102
\c@lofdepth=\count103
\c@subtable=\count104
\c@lotdepth=\count105

****************************************
* Local config file subfigure.cfg used *
****************************************
("C:\Program Files (x86)\MiKTeX 2.9\tex\latex\subfigure\subfigure.cfg")
\subfig@top=\skip50
\subfig@bottom=\skip51
)
("C:\Program Files (x86)\MiKTeX 2.9\tex\latex\graphics\graphicx.sty"
Package: graphicx 2014/10/28 v1.0g Enhanced LaTeX Graphics (DPC,SPQR)

("C:\Program Files (x86)\MiKTeX 2.9\tex\latex\graphics\graphics.sty"
Package: graphics 2016/06/02 v1.0s Standard LaTeX Graphics (DPC,SPQR)

("C:\Program Files (x86)\MiKTeX 2.9\tex\latex\graphics\trig.sty"
Package: trig 2016/01/03 v1.10 sin cos tan (DPC)
)
("C:\Program Files (x86)\MiKTeX 2.9\tex\latex\00miktex\graphics.cfg"
File: graphics.cfg 2016/06/04 v1.11 sample graphics configuration
)
Package graphics Info: Driver file: pdftex.def on input line 99.

("C:\Program Files (x86)\MiKTeX 2.9\tex\latex\pdftex-def\pdftex.def"
File: pdftex.def 2016/06/17 v0.06h Graphics/color for pdfTeX

("C:\Program Files (x86)\MiKTeX 2.9\tex\generic\oberdiek\infwarerr.sty"
Package: infwarerr 2016/05/16 v1.4 Providing info/warning/error messages (HO)
)
("C:\Program Files (x86)\MiKTeX 2.9\tex\generic\oberdiek\ltxcmds.sty"
Package: ltxcmds 2016/05/16 v1.23 LaTeX kernel commands for general use (HO)
)
\Gread@gobject=\count106
))
\Gin@req@height=\dimen122
\Gin@req@width=\dimen123
)
("C:\Program Files (x86)\MiKTeX 2.9\tex\latex\base\inputenc.sty"
Package: inputenc 2015/03/17 v1.2c Input encoding file
\inpenc@prehook=\toks21
\inpenc@posthook=\toks22

("C:\Program Files (x86)\MiKTeX 2.9\tex\latex\base\latin1.def"
File: latin1.def 2015/03/17 v1.2c Input encoding file
))
("C:\Program Files (x86)\MiKTeX 2.9\tex\latex\hyperref\hyperref.sty"
Package: hyperref 2016/05/21 v6.83p Hypertext links for LaTeX

("C:\Program Files (x86)\MiKTeX 2.9\tex\generic\oberdiek\hobsub-hyperref.sty"
Package: hobsub-hyperref 2016/05/16 v1.14 Bundle oberdiek, subset hyperref (HO)


("C:\Program Files (x86)\MiKTeX 2.9\tex\generic\oberdiek\hobsub-generic.sty"
Package: hobsub-generic 2016/05/16 v1.14 Bundle oberdiek, subset generic (HO)
Package: hobsub 2016/05/16 v1.14 Construct package bundles (HO)
Package hobsub Info: Skipping package `infwarerr' (already loaded).
Package hobsub Info: Skipping package `ltxcmds' (already loaded).
Package: ifluatex 2016/05/16 v1.4 Provides the ifluatex switch (HO)
Package ifluatex Info: LuaTeX not detected.
Package hobsub Info: Skipping package `ifvtex' (already loaded).
Package: intcalc 2016/05/16 v1.2 Expandable calculations with integers (HO)
Package hobsub Info: Skipping package `ifpdf' (already loaded).
Package: etexcmds 2016/05/16 v1.6 Avoid name clashes with e-TeX commands (HO)
Package etexcmds Info: Could not find \expanded.
(etexcmds)             That can mean that you are not using pdfTeX 1.50 or
(etexcmds)             that some package has redefined \expanded.
(etexcmds)             In the latter case, load this package earlier.
Package: kvsetkeys 2016/05/16 v1.17 Key value parser (HO)
Package: kvdefinekeys 2016/05/16 v1.4 Define keys (HO)
Package: pdftexcmds 2016/05/21 v0.22 Utility functions of pdfTeX for LuaTeX (HO
)
Package pdftexcmds Info: LuaTeX not detected.
Package pdftexcmds Info: \pdf@primitive is available.
Package pdftexcmds Info: \pdf@ifprimitive is available.
Package pdftexcmds Info: \pdfdraftmode found.
Package: pdfescape 2016/05/16 v1.14 Implements pdfTeX's escape features (HO)
Package: bigintcalc 2016/05/16 v1.4 Expandable calculations on big integers (HO
)
Package: bitset 2016/05/16 v1.2 Handle bit-vector datatype (HO)
Package: uniquecounter 2016/05/16 v1.3 Provide unlimited unique counter (HO)
)
Package hobsub Info: Skipping package `hobsub' (already loaded).
Package: letltxmacro 2016/05/16 v1.5 Let assignment for LaTeX macros (HO)
Package: hopatch 2016/05/16 v1.3 Wrapper for package hooks (HO)
Package: xcolor-patch 2016/05/16 xcolor patch
Package: atveryend 2016/05/16 v1.9 Hooks at the very end of document (HO)
Package atveryend Info: \enddocument detected (standard20110627).
Package: atbegshi 2016/06/09 v1.18 At begin shipout hook (HO)
Package: refcount 2016/05/16 v3.5 Data extraction from label references (HO)
Package: hycolor 2016/05/16 v1.8 Color options for hyperref/bookmark (HO)
)
("C:\Program Files (x86)\MiKTeX 2.9\tex\latex\oberdiek\auxhook.sty"
Package: auxhook 2016/05/16 v1.4 Hooks for auxiliary files (HO)
)
("C:\Program Files (x86)\MiKTeX 2.9\tex\latex\oberdiek\kvoptions.sty"
Package: kvoptions 2016/05/16 v3.12 Key value format for package options (HO)
)
\@linkdim=\dimen124
\Hy@linkcounter=\count107
\Hy@pagecounter=\count108

("C:\Program Files (x86)\MiKTeX 2.9\tex\latex\hyperref\pd1enc.def"
File: pd1enc.def 2016/05/21 v6.83p Hyperref: PDFDocEncoding definition (HO)
)
\Hy@SavedSpaceFactor=\count109

("C:\Program Files (x86)\MiKTeX 2.9\tex\latex\00miktex\hyperref.cfg"
File: hyperref.cfg 2002/06/06 v1.2 hyperref configuration of TeXLive
)
Package hyperref Info: Hyper figures OFF on input line 4486.
Package hyperref Info: Link nesting OFF on input line 4491.
Package hyperref Info: Hyper index ON on input line 4494.
Package hyperref Info: Plain pages OFF on input line 4501.
Package hyperref Info: Backreferencing OFF on input line 4506.
Package hyperref Info: Implicit mode ON; LaTeX internals redefined.
Package hyperref Info: Bookmarks ON on input line 4735.
\c@Hy@tempcnt=\count110

("C:\Program Files (x86)\MiKTeX 2.9\tex\latex\url\url.sty"
\Urlmuskip=\muskip11
Package: url 2013/09/16  ver 3.4  Verb mode for urls, etc.
)
LaTeX Info: Redefining \url on input line 5088.
\XeTeXLinkMargin=\dimen125
\Fld@menulength=\count111
\Field@Width=\dimen126
\Fld@charsize=\dimen127
Package hyperref Info: Hyper figures OFF on input line 6342.
Package hyperref Info: Link nesting OFF on input line 6347.
Package hyperref Info: Hyper index ON on input line 6350.
Package hyperref Info: backreferencing OFF on input line 6357.
Package hyperref Info: Link coloring OFF on input line 6362.
Package hyperref Info: Link coloring with OCG OFF on input line 6367.
Package hyperref Info: PDF/A mode OFF on input line 6372.
LaTeX Info: Redefining \ref on input line 6412.
LaTeX Info: Redefining \pageref on input line 6416.
\Hy@abspage=\count112
\c@Item=\count113
\c@Hfootnote=\count114
)

Package hyperref Message: Driver (autodetected): hpdftex.

("C:\Program Files (x86)\MiKTeX 2.9\tex\latex\hyperref\hpdftex.def"
File: hpdftex.def 2016/05/21 v6.83p Hyperref driver for pdfTeX
\Fld@listcount=\count115
\c@bookmark@seq@number=\count116

("C:\Program Files (x86)\MiKTeX 2.9\tex\latex\oberdiek\rerunfilecheck.sty"
Package: rerunfilecheck 2016/05/16 v1.8 Rerun checks for auxiliary files (HO)
Package uniquecounter Info: New unique counter `rerunfilecheck' on input line 2
82.
)
\Hy@SectionHShift=\skip52
)
("C:\Program Files (x86)\MiKTeX 2.9\tex\latex\eurosym\eurosym.sty"
Package: eurosym 1998/08/06 v1.1 European currency symbol ``Euro''
\@eurobox=\box28
)
Package hyperref Info: Option `colorlinks' set `true' on input line 33.

(Net2PlanGuide_Vasco_Braz.aux)
\openout1 = `Net2PlanGuide_Vasco_Braz.aux'.

LaTeX Font Info:    Checking defaults for OML/cmm/m/it on input line 35.
LaTeX Font Info:    ... okay on input line 35.
LaTeX Font Info:    Checking defaults for T1/cmr/m/n on input line 35.
LaTeX Font Info:    ... okay on input line 35.
LaTeX Font Info:    Checking defaults for OT1/cmr/m/n on input line 35.
LaTeX Font Info:    ... okay on input line 35.
LaTeX Font Info:    Checking defaults for OMS/cmsy/m/n on input line 35.
LaTeX Font Info:    ... okay on input line 35.
LaTeX Font Info:    Checking defaults for OMX/cmex/m/n on input line 35.
LaTeX Font Info:    ... okay on input line 35.
LaTeX Font Info:    Checking defaults for U/cmr/m/n on input line 35.
LaTeX Font Info:    ... okay on input line 35.
LaTeX Font Info:    Checking defaults for PD1/pdf/m/n on input line 35.
LaTeX Font Info:    ... okay on input line 35.
LaTeX Font Info:    Try loading font information for OT1+ptm on input line 35.

("C:\Program Files (x86)\MiKTeX 2.9\tex\latex\psnfss\ot1ptm.fd"
File: ot1ptm.fd 2001/06/04 font definitions for OT1/ptm.
)
*geometry* driver: auto-detecting
*geometry* detected driver: pdftex
*geometry* verbose mode - [ preamble ] result:
* driver: pdftex
* paper: a4paper
* layout: <same size as paper>
* layoutoffset:(h,v)=(0.0pt,0.0pt)
* modes: 
* h-part:(L,W,R)=(56.9055pt, 483.69687pt, 56.9055pt)
* v-part:(T,H,B)=(56.9055pt, 731.23584pt, 56.9055pt)
* \paperwidth=597.50787pt
* \paperheight=845.04684pt
* \textwidth=483.69687pt
* \textheight=731.23584pt
* \oddsidemargin=-15.36449pt
* \evensidemargin=-15.36449pt
* \topmargin=-52.36449pt
* \headheight=12.0pt
* \headsep=25.0pt
* \topskip=12.0pt
* \footskip=30.0pt
* \marginparwidth=35.0pt
* \marginparsep=10.0pt
* \columnsep=10.0pt
* \skip\footins=10.8pt plus 4.0pt minus 2.0pt
* \hoffset=0.0pt
* \voffset=0.0pt
* \mag=1000
* \@twocolumnfalse
* \@twosidefalse
* \@mparswitchfalse
* \@reversemarginfalse
* (1in=72.27pt=25.4mm, 1cm=28.453pt)

("C:\Program Files (x86)\MiKTeX 2.9\tex\context\base\supp-pdf.mkii"
[Loading MPS to PDF converter (version 2006.09.02).]
\scratchcounter=\count117
\scratchdimen=\dimen128
\scratchbox=\box29
\nofMPsegments=\count118
\nofMParguments=\count119
\everyMPshowfont=\toks23
\MPscratchCnt=\count120
\MPscratchDim=\dimen129
\MPnumerator=\count121
\makeMPintoPDFobject=\count122
\everyMPtoPDFconversion=\toks24
) ("C:\Program Files (x86)\MiKTeX 2.9\tex\latex\oberdiek\epstopdf-base.sty"
Package: epstopdf-base 2016/05/15 v2.6 Base part for package epstopdf

("C:\Program Files (x86)\MiKTeX 2.9\tex\latex\oberdiek\grfext.sty"
Package: grfext 2016/05/16 v1.2 Manage graphics extensions (HO)
)
Package epstopdf-base Info: Redefining graphics rule for `.eps' on input line 4
38.
Package grfext Info: Graphics extension search list:
(grfext)             [.png,.pdf,.jpg,.mps,.jpeg,.jbig2,.jb2,.PNG,.PDF,.JPG,.JPE
G,.JBIG2,.JB2,.eps]
(grfext)             \AppendGraphicsExtensions on input line 456.
)
\AtBeginShipoutBox=\box30

("C:\Program Files (x86)\MiKTeX 2.9\tex\latex\graphics\color.sty"
Package: color 2016/06/02 v1.1d Standard LaTeX Color (DPC)

("C:\Program Files (x86)\MiKTeX 2.9\tex\latex\00miktex\color.cfg"
File: color.cfg 2016/01/02 v1.6 sample color configuration
)
Package color Info: Driver file: pdftex.def on input line 147.
)
Package hyperref Info: Link coloring ON on input line 35.

("C:\Program Files (x86)\MiKTeX 2.9\tex\latex\hyperref\nameref.sty"
Package: nameref 2016/05/21 v2.44 Cross-referencing by name of section

("C:\Program Files (x86)\MiKTeX 2.9\tex\generic\oberdiek\gettitlestring.sty"
Package: gettitlestring 2016/05/16 v1.5 Cleanup title references (HO)
)
\c@section@level=\count123
)
LaTeX Info: Redefining \ref on input line 35.
LaTeX Info: Redefining \pageref on input line 35.
LaTeX Info: Redefining \nameref on input line 35.

(Net2PlanGuide_Vasco_Braz.out) (Net2PlanGuide_Vasco_Braz.out)
\@outlinefile=\write3
\openout3 = `Net2PlanGuide_Vasco_Braz.out'.

LaTeX Font Info:    Try loading font information for OT1+ztmcm on input line 40
.

("C:\Program Files (x86)\MiKTeX 2.9\tex\latex\psnfss\ot1ztmcm.fd"
File: ot1ztmcm.fd 2000/01/03 Fontinst v1.801 font definitions for OT1/ztmcm.
)
LaTeX Font Info:    Try loading font information for OML+ztmcm on input line 40
.

("C:\Program Files (x86)\MiKTeX 2.9\tex\latex\psnfss\omlztmcm.fd"
File: omlztmcm.fd 2000/01/03 Fontinst v1.801 font definitions for OML/ztmcm.
)
LaTeX Font Info:    Try loading font information for OMS+ztmcm on input line 40
.

("C:\Program Files (x86)\MiKTeX 2.9\tex\latex\psnfss\omsztmcm.fd"
File: omsztmcm.fd 2000/01/03 Fontinst v1.801 font definitions for OMS/ztmcm.
)
LaTeX Font Info:    Try loading font information for OMX+ztmcm on input line 40
.

("C:\Program Files (x86)\MiKTeX 2.9\tex\latex\psnfss\omxztmcm.fd"
File: omxztmcm.fd 2000/01/03 Fontinst v1.801 font definitions for OMX/ztmcm.
)
LaTeX Font Info:    Font shape `OT1/ptm/bx/n' in size <14.4> not available
(Font)              Font shape `OT1/ptm/b/n' tried instead on input line 40.
LaTeX Font Info:    Font shape `OT1/ptm/bx/n' in size <10.95> not available
(Font)              Font shape `OT1/ptm/b/n' tried instead on input line 40.
LaTeX Font Info:    Font shape `OT1/ptm/bx/n' in size <8> not available
(Font)              Font shape `OT1/ptm/b/n' tried instead on input line 40.
LaTeX Font Info:    Font shape `OT1/ptm/bx/n' in size <17.28> not available
(Font)              Font shape `OT1/ptm/b/n' tried instead on input line 41.

(Net2PlanGuide_Vasco_Braz.toc
LaTeX Font Info:    Font shape `OT1/ptm/bx/n' in size <12> not available
(Font)              Font shape `OT1/ptm/b/n' tried instead on input line 1.
LaTeX Font Info:    Font shape `OT1/ptm/bx/n' in size <9> not available
(Font)              Font shape `OT1/ptm/b/n' tried instead on input line 2.
LaTeX Font Info:    Font shape `OT1/ptm/bx/n' in size <7> not available
(Font)              Font shape `OT1/ptm/b/n' tried instead on input line 2.
)
\tf@toc=\write4
\openout4 = `Net2PlanGuide_Vasco_Braz.toc'.

 [1

{C:/ProgramData/MiKTeX/2.9/pdftex/config/pdftex.map}] [2

]

pdfTeX warning: pdflatex.exe (file ./figures/Net2Plan.pdf): PDF inclusion: foun
d PDF version <1.7>, but at most version <1.5> allowed
<./figures/Net2Plan.pdf, id=87, 1028.34187pt x 548.80031pt>
File: ./figures/Net2Plan.pdf Graphic file (type pdf)

<use ./figures/Net2Plan.pdf>
Package pdftex.def Info: ./figures/Net2Plan.pdf used on input line 62.
(pdftex.def)             Requested size: 369.88582pt x 197.40047pt.
 [3

 <./figures/Net2Plan.pdf>]

pdfTeX warning: pdflatex.exe (file ./figures/Net2Plan_options.pdf): PDF inclusi
on: found PDF version <1.7>, but at most version <1.5> allowed
<./figures/Net2Plan_options.pdf, id=99, 595.47469pt x 449.42906pt>
File: ./figures/Net2Plan_options.pdf Graphic file (type pdf)

<use ./figures/Net2Plan_options.pdf>
Package pdftex.def Info: ./figures/Net2Plan_options.pdf used on input line 74.
(pdftex.def)             Requested size: 312.9803pt x 236.21437pt.

Underfull \hbox (badness 10000) in paragraph at lines 80--81

 []



pdfTeX warning: pdflatex.exe (file ./figures/Net2Plan_ipopt.pdf): PDF inclusion
: found PDF version <1.7>, but at most version <1.5> allowed
<./figures/Net2Plan_ipopt.pdf, id=102, 335.75438pt x 475.7775pt>
File: ./figures/Net2Plan_ipopt.pdf Graphic file (type pdf)

<use ./figures/Net2Plan_ipopt.pdf>
Package pdftex.def Info: ./figures/Net2Plan_ipopt.pdf used on input line 87.
(pdftex.def)             Requested size: 199.16928pt x 282.23083pt.
 [4 <./figures/Net2Plan_options.pdf> <./figures/Net2Plan_ipopt.pdf>]

pdfTeX warning: pdflatex.exe (file ./figures/Net2Plan_glpk.pdf): PDF inclusion:
 found PDF version <1.7>, but at most version <1.5> allowed
<./figures/Net2Plan_glpk.pdf, id=116, 336.50719pt x 477.28313pt>
File: ./figures/Net2Plan_glpk.pdf Graphic file (type pdf)

<use ./figures/Net2Plan_glpk.pdf>
Package pdftex.def Info: ./figures/Net2Plan_glpk.pdf used on input line 100.
(pdftex.def)             Requested size: 199.16928pt x 282.49037pt.
 [5 <./figures/Net2Plan_glpk.pdf>]

pdfTeX warning: pdflatex.exe (file ./figures/Net2Plan_traffic.pdf): PDF inclusi
on: found PDF version <1.7>, but at most version <1.5> allowed
<./figures/Net2Plan_traffic.pdf, id=125, 1028.34187pt x 547.2947pt>
File: ./figures/Net2Plan_traffic.pdf Graphic file (type pdf)

<use ./figures/Net2Plan_traffic.pdf>
Package pdftex.def Info: ./figures/Net2Plan_traffic.pdf used on input line 116.

(pdftex.def)             Requested size: 455.24408pt x 242.28853pt.
LaTeX Font Info:    Try loading font information for OMS+ptm on input line 127.


("C:\Program Files (x86)\MiKTeX 2.9\tex\latex\psnfss\omsptm.fd"
File: omsptm.fd 
)
LaTeX Font Info:    Font shape `OMS/ptm/m/n' in size <12> not available
(Font)              Font shape `OMS/cmsy/m/n' tried instead on input line 127.
 [6 <./figures/Net2Plan_traffic.pdf>]
Underfull \hbox (badness 10000) in paragraph at lines 143--144

 []



pdfTeX warning: pdflatex.exe (file ./figures/TrafficMatrixCreation.pdf): PDF in
clusion: found PDF version <1.7>, but at most version <1.5> allowed
<./figures/TrafficMatrixCreation.pdf, id=135, 626.08606pt x 209.20259pt>
File: ./figures/TrafficMatrixCreation.pdf Graphic file (type pdf)

<use ./figures/TrafficMatrixCreation.pdf>
Package pdftex.def Info: ./figures/TrafficMatrixCreation.pdf used on input line
 149.
(pdftex.def)             Requested size: 369.88582pt x 123.59764pt.


pdfTeX warning: pdflatex.exe (file ./figures/Net2Plan_matrix.pdf): PDF inclusio
n: found PDF version <1.7>, but at most version <1.5> allowed
<./figures/Net2Plan_matrix.pdf, id=137, 742.47891pt x 124.00026pt>
File: ./figures/Net2Plan_matrix.pdf Graphic file (type pdf)

<use ./figures/Net2Plan_matrix.pdf>
Package pdftex.def Info: ./figures/Net2Plan_matrix.pdf used on input line 158.
(pdftex.def)             Requested size: 369.88582pt x 61.77292pt.
 [7 <./figures/TrafficMatrixCreation.pdf> <./figures/Net2Plan_matrix.pdf>]

pdfTeX warning: pdflatex.exe (file ./figures/Net2Plan_Network.pdf): PDF inclusi
on: found PDF version <1.7>, but at most version <1.5> allowed
<./figures/Net2Plan_Network.pdf, id=152, 1028.34187pt x 539.76656pt>
File: ./figures/Net2Plan_Network.pdf Graphic file (type pdf)

<use ./figures/Net2Plan_Network.pdf>
Package pdftex.def Info: ./figures/Net2Plan_Network.pdf used on input line 172.

(pdftex.def)             Requested size: 483.69684pt x 253.88799pt.

Underfull \hbox (badness 10000) in paragraph at lines 177--178

 []


Underfull \hbox (badness 10000) in paragraph at lines 179--180

 []


Underfull \hbox (badness 10000) in paragraph at lines 181--182

 []


Underfull \hbox (badness 10000) in paragraph at lines 183--184

 []

[8 <./figures/Net2Plan_Network.pdf>]

pdfTeX warning: pdflatex.exe (file ./figures/Net2Plan_Network_1.pdf): PDF inclu
sion: found PDF version <1.7>, but at most version <1.5> allowed
<./figures/Net2Plan_Network_1.pdf, id=162, 687.31781pt x 365.11406pt>
File: ./figures/Net2Plan_Network_1.pdf Graphic file (type pdf)

<use ./figures/Net2Plan_Network_1.pdf>
Package pdftex.def Info: ./figures/Net2Plan_Network_1.pdf used on input line 18
8.
(pdftex.def)             Requested size: 341.43306pt x 181.37549pt.


pdfTeX warning: pdflatex.exe (file ./figures/Net2Plan_Network_Parameters.pdf): 
PDF inclusion: found PDF version <1.7>, but at most version <1.5> allowed
<./figures/Net2Plan_Network_Parameters.pdf, id=165, 331.2375pt x 146.04562pt>
File: ./figures/Net2Plan_Network_Parameters.pdf Graphic file (type pdf)

<use ./figures/Net2Plan_Network_Parameters.pdf>
Package pdftex.def Info: ./figures/Net2Plan_Network_Parameters.pdf used on inpu
t line 202.
(pdftex.def)             Requested size: 227.62204pt x 100.3593pt.


pdfTeX warning: pdflatex.exe (file ./figures/Net2Plan_Network_Parameters_1.pdf)
: PDF inclusion: found PDF version <1.7>, but at most version <1.5> allowed

<./figures/Net2Plan_Network_Parameters_1.pdf, id=166, 335.75438pt x 265.74281pt
>
File: ./figures/Net2Plan_Network_Parameters_1.pdf Graphic file (type pdf)
 <use ./figures/Net2Plan_Network_Parameters_1.pdf>
Package pdftex.def Info: ./figures/Net2Plan_Network_Parameters_1.pdf used on in
put line 207.
(pdftex.def)             Requested size: 227.62204pt x 180.15936pt.

Underfull \hbox (badness 10000) in paragraph at lines 213--214

 []



pdfTeX warning: pdflatex.exe (file ./figures/Net2Plan_joinMatrices.pdf): PDF in
clusion: found PDF version <1.7>, but at most version <1.5> allowed
<./figures/Net2Plan_joinMatrices.pdf, id=168, 325.215pt x 258.21469pt>
File: ./figures/Net2Plan_joinMatrices.pdf Graphic file (type pdf)

<use ./figures/Net2Plan_joinMatrices.pdf>
Package pdftex.def Info: ./figures/Net2Plan_joinMatrices.pdf used on input line
 221.
(pdftex.def)             Requested size: 312.9803pt x 248.51762pt.


LaTeX Warning: `!h' float specifier changed to `!ht'.

[9 <./figures/Net2Plan_Network_1.pdf> <./figures/Net2Plan_Network_Parameters.pd
f> <./figures/Net2Plan_Network_Parameters_1.pdf>]
Underfull \hbox (badness 10000) in paragraph at lines 228--229

 []


Underfull \hbox (badness 10000) in paragraph at lines 230--231

 []


Underfull \hbox (badness 10000) in paragraph at lines 232--233

 []

[10 <./figures/Net2Plan_joinMatrices.pdf>]
Underfull \hbox (badness 10000) in paragraph at lines 236--237

 []



pdfTeX warning: pdflatex.exe (file ./figures/Logical_Topology_Algorithm.pdf): P
DF inclusion: found PDF version <1.7>, but at most version <1.5> allowed
<./figures/Logical_Topology_Algorithm.pdf, id=191, 321.45094pt x 198.7425pt>
File: ./figures/Logical_Topology_Algorithm.pdf Graphic file (type pdf)

<use ./figures/Logical_Topology_Algorithm.pdf>
Package pdftex.def Info: ./figures/Logical_Topology_Algorithm.pdf used on input
 line 241.
(pdftex.def)             Requested size: 312.9803pt x 193.51083pt.

Underfull \hbox (badness 10000) in paragraph at lines 246--247

 []



pdfTeX warning: pdflatex.exe (file ./figures/Net2Plan_Opaque.pdf): PDF inclusio
n: found PDF version <1.7>, but at most version <1.5> allowed
<./figures/Net2Plan_Opaque.pdf, id=194, 680.5425pt x 312.41719pt>
File: ./figures/Net2Plan_Opaque.pdf Graphic file (type pdf)

<use ./figures/Net2Plan_Opaque.pdf>
Package pdftex.def Info: ./figures/Net2Plan_Opaque.pdf used on input line 258.
(pdftex.def)             Requested size: 199.16928pt x 91.43289pt.


pdfTeX warning: pdflatex.exe (file ./figures/Net2Plan_Transparent.pdf): PDF inc
lusion: found PDF version <1.7>, but at most version <1.5> allowed
<./figures/Net2Plan_Transparent.pdf, id=195, 675.27281pt x 310.91156pt>
File: ./figures/Net2Plan_Transparent.pdf Graphic file (type pdf)

<use ./figures/Net2Plan_Transparent.pdf>
Package pdftex.def Info: ./figures/Net2Plan_Transparent.pdf used on input line 
262.
(pdftex.def)             Requested size: 199.16928pt x 91.69913pt.
 [11 <./figures/Logical_Topology_Algorithm.pdf> <./figures/Net2Plan_Opaque.pdf>
 <./figures/Net2Plan_Transparent.pdf>]

pdfTeX warning: pdflatex.exe (file ./figures/Grooming_Algorithm.pdf): PDF inclu
sion: found PDF version <1.7>, but at most version <1.5> allowed
<./figures/Grooming_Algorithm.pdf, id=211, 324.46219pt x 212.29312pt>
File: ./figures/Grooming_Algorithm.pdf Graphic file (type pdf)

<use ./figures/Grooming_Algorithm.pdf>
Package pdftex.def Info: ./figures/Grooming_Algorithm.pdf used on input line 28
3.
(pdftex.def)             Requested size: 312.9803pt x 204.79355pt.

Underfull \hbox (badness 10000) in paragraph at lines 288--289

 []

[12 <./figures/Grooming_Algorithm.pdf>]

pdfTeX warning: pdflatex.exe (file ./figures/networkCost_Report.pdf): PDF inclu
sion: found PDF version <1.7>, but at most version <1.5> allowed
<./figures/networkCost_Report.pdf, id=221, 334.24875pt x 469.00218pt>
File: ./figures/networkCost_Report.pdf Graphic file (type pdf)

<use ./figures/networkCost_Report.pdf>
Package pdftex.def Info: ./figures/networkCost_Report.pdf used on input line 36
6.
(pdftex.def)             Requested size: 213.39566pt x 299.43758pt.
 [13 <./figures/networkCost_Report.pdf>]
Underfull \hbox (badness 10000) in paragraph at lines 390--391

 []


Underfull \hbox (badness 10000) in paragraph at lines 392--393

 []


Underfull \hbox (badness 10000) in paragraph at lines 394--395

 []


Underfull \hbox (badness 10000) in paragraph at lines 396--397

 []


Underfull \hbox (badness 10000) in paragraph at lines 415--416

 []

[14]
Underfull \hbox (badness 10000) in paragraph at lines 417--418

 []


Underfull \hbox (badness 10000) in paragraph at lines 422--423

 []


Underfull \hbox (badness 10000) in paragraph at lines 440--441

 []


Underfull \hbox (badness 10000) in paragraph at lines 442--443

 []


Underfull \hbox (badness 10000) in paragraph at lines 444--445

 []

[15]
Underfull \hbox (badness 10000) in paragraph at lines 466--467

 []


Underfull \hbox (badness 10000) in paragraph at lines 475--477

 []



pdfTeX warning: pdflatex.exe (file ./figures/opaqueLineMatricesLogical11.pdf): 
PDF inclusion: found PDF version <1.7>, but at most version <1.5> allowed
<./figures/opaqueLineMatricesLogical11.pdf, id=258, 184.43906pt x 97.86563pt>
File: ./figures/opaqueLineMatricesLogical11.pdf Graphic file (type pdf)

<use ./figures/opaqueLineMatricesLogical11.pdf>
Package pdftex.def Info: ./figures/opaqueLineMatricesLogical11.pdf used on inpu
t line 484.
(pdftex.def)             Requested size: 256.0748pt x 135.876pt.

Underfull \hbox (badness 10000) in paragraph at lines 489--490

 []



pdfTeX warning: pdflatex.exe (file ./figures/networkCost_Report_Links_Opaque11.
pdf): PDF inclusion: found PDF version <1.7>, but at most version <1.5> allowed


<./figures/networkCost_Report_Links_Opaque11.pdf, id=260, 546.20866pt x 213.766
63pt>
File: ./figures/networkCost_Report_Links_Opaque11.pdf Graphic file (type pdf)
 <use ./figures/networkCost_Report_Links_Opaque11.pdf>
Package pdftex.def Info: ./figures/networkCost_Report_Links_Opaque11.pdf used o
n input line 506.
(pdftex.def)             Requested size: 312.9803pt x 122.49081pt.


LaTeX Warning: `!h' float specifier changed to `!ht'.



pdfTeX warning: pdflatex.exe (file ./figures/networkCost_Report_Nodes_Opaque11.
pdf): PDF inclusion: found PDF version <1.7>, but at most version <1.5> allowed


<./figures/networkCost_Report_Nodes_Opaque11.pdf, id=262, 483.06773pt x 188.662
84pt>
File: ./figures/networkCost_Report_Nodes_Opaque11.pdf Graphic file (type pdf)
 <use ./figures/networkCost_Report_Nodes_Opaque11.pdf>
Package pdftex.def Info: ./figures/networkCost_Report_Nodes_Opaque11.pdf used o
n input line 517.
(pdftex.def)             Requested size: 312.9803pt x 122.23499pt.


LaTeX Warning: `!h' float specifier changed to `!ht'.

[16 <./figures/opaqueLineMatricesLogical11.pdf>]
Underfull \hbox (badness 10000) in paragraph at lines 524--525

 []


Underfull \hbox (badness 10000) in paragraph at lines 526--527

 []



pdfTeX warning: pdflatex.exe (file ./figures/networkCost_Report_Cost_Opaque11.p
df): PDF inclusion: found PDF version <1.7>, but at most version <1.5> allowed

<./figures/networkCost_Report_Cost_Opaque11.pdf, id=273, 264.73605pt x 168.8839
6pt>
File: ./figures/networkCost_Report_Cost_Opaque11.pdf Graphic file (type pdf)
 <use ./figures/networkCost_Report_Cost_Opaque11.pdf>
Package pdftex.def Info: ./figures/networkCost_Report_Cost_Opaque11.pdf used on
 input line 530.
(pdftex.def)             Requested size: 256.0748pt x 163.36884pt.
 [17 <./figures/networkCost_Report_Links_Opaque11.pdf> <./figures/networkCost_R
eport_Nodes_Opaque11.pdf> <./figures/networkCost_Report_Cost_Opaque11.pdf>]
Underfull \hbox (badness 10000) in paragraph at lines 547--548

 []


Underfull \hbox (badness 10000) in paragraph at lines 553--554

 []


Underfull \hbox (badness 10000) in paragraph at lines 558--559

 []



pdfTeX warning: pdflatex.exe (file ./figures/networkCost_Report_Links_Transpare
nt11.pdf): PDF inclusion: found PDF version <1.7>, but at most version <1.5> al
lowed

<./figures/networkCost_Report_Links_Transparent11.pdf, id=289, 546.9695pt x 209
.96342pt>
File: ./figures/networkCost_Report_Links_Transparent11.pdf Graphic file (type p
df)
 <use ./figures/networkCost_Report_Links_Transparent11.pdf>
Package pdftex.def Info: ./figures/networkCost_Report_Links_Transparent11.pdf u
sed on input line 562.
(pdftex.def)             Requested size: 312.9803pt x 120.14813pt.

Underfull \hbox (badness 10000) in paragraph at lines 567--568

 []

[18 <./figures/networkCost_Report_Links_Transparent11.pdf>]

pdfTeX warning: pdflatex.exe (file ./figures/networkCost_Report_Nodes_Transpare
nt11.pdf): PDF inclusion: found PDF version <1.7>, but at most version <1.5> al
lowed

<./figures/networkCost_Report_Nodes_Transparent11.pdf, id=298, 483.06773pt x 19
0.18452pt>
File: ./figures/networkCost_Report_Nodes_Transparent11.pdf Graphic file (type p
df)
 <use ./figures/networkCost_Report_Nodes_Transparent11.pdf>
Package pdftex.def Info: ./figures/networkCost_Report_Nodes_Transparent11.pdf u
sed on input line 573.
(pdftex.def)             Requested size: 312.9803pt x 123.2209pt.

Underfull \hbox (badness 10000) in paragraph at lines 578--579

 []


Underfull \hbox (badness 10000) in paragraph at lines 580--581

 []



pdfTeX warning: pdflatex.exe (file ./figures/networkCost_Report_Cost_Transparen
t11.pdf): PDF inclusion: found PDF version <1.7>, but at most version <1.5> all
owed

<./figures/networkCost_Report_Cost_Transparent11.pdf, id=300, 270.06195pt x 168
.12311pt>
File: ./figures/networkCost_Report_Cost_Transparent11.pdf Graphic file (type pd
f)
 <use ./figures/networkCost_Report_Cost_Transparent11.pdf>
Package pdftex.def Info: ./figures/networkCost_Report_Cost_Transparent11.pdf us
ed on input line 585.
(pdftex.def)             Requested size: 256.0748pt x 159.43127pt.
 [19 <./figures/networkCost_Report_Nodes_Transparent11.pdf> <./figures/networkC
ost_Report_Cost_Transparent11.pdf>]

pdfTeX warning: pdflatex.exe (file ./figures/Net2Plan_Simulation.pdf): PDF incl
usion: found PDF version <1.7>, but at most version <1.5> allowed
<./figures/Net2Plan_Simulation.pdf, id=316, 680.5425pt x 799.98875pt>
File: ./figures/Net2Plan_Simulation.pdf Graphic file (type pdf)

<use ./figures/Net2Plan_Simulation.pdf>
Package pdftex.def Info: ./figures/Net2Plan_Simulation.pdf used on input line 6
11.
(pdftex.def)             Requested size: 142.26378pt x 167.23357pt.


pdfTeX warning: pdflatex.exe (file ./figures/Net2Plan_Simulation_1.pdf): PDF in
clusion: found PDF version <1.7>, but at most version <1.5> allowed
<./figures/Net2Plan_Simulation_1.pdf, id=317, 691.58376pt x 807.015pt>
File: ./figures/Net2Plan_Simulation_1.pdf Graphic file (type pdf)

<use ./figures/Net2Plan_Simulation_1.pdf>
Package pdftex.def Info: ./figures/Net2Plan_Simulation_1.pdf used on input line
 616.
(pdftex.def)             Requested size: 142.26378pt x 166.00558pt.
 [20 <./figures/Net2Plan_Simulation.pdf> <./figures/Net2Plan_Simulation_1.pdf>]

Underfull \hbox (badness 10000) in paragraph at lines 630--631

 []



pdfTeX warning: pdflatex.exe (file ./figures/Eclipse_project.pdf): PDF inclusio
n: found PDF version <1.7>, but at most version <1.5> allowed
<./figures/Eclipse_project.pdf, id=331, 1028.34187pt x 548.80031pt>
File: ./figures/Eclipse_project.pdf Graphic file (type pdf)

<use ./figures/Eclipse_project.pdf>
Package pdftex.def Info: ./figures/Eclipse_project.pdf used on input line 639.
(pdftex.def)             Requested size: 369.88582pt x 197.40047pt.
 [21 <./figures/Eclipse_project.pdf>]

pdfTeX warning: pdflatex.exe (file ./figures/Eclipse_project_1.pdf): PDF inclus
ion: found PDF version <1.7>, but at most version <1.5> allowed
<./figures/Eclipse_project_1.pdf, id=340, 1028.34187pt x 548.80031pt>
File: ./figures/Eclipse_project_1.pdf Graphic file (type pdf)

<use ./figures/Eclipse_project_1.pdf>
Package pdftex.def Info: ./figures/Eclipse_project_1.pdf used on input line 651
.
(pdftex.def)             Requested size: 369.88582pt x 197.40047pt.


pdfTeX warning: pdflatex.exe (file ./figures/Eclipse_libraries.pdf): PDF inclus
ion: found PDF version <1.7>, but at most version <1.5> allowed
<./figures/Eclipse_libraries.pdf, id=343, 544.28343pt x 414.79968pt>
File: ./figures/Eclipse_libraries.pdf Graphic file (type pdf)

<use ./figures/Eclipse_libraries.pdf>
Package pdftex.def Info: ./figures/Eclipse_libraries.pdf used on input line 665
.
(pdftex.def)             Requested size: 204.85974pt x 156.11914pt.


pdfTeX warning: pdflatex.exe (file ./figures/Eclipse_libraries_1.pdf): PDF incl
usion: found PDF version <1.7>, but at most version <1.5> allowed
<./figures/Eclipse_libraries_1.pdf, id=344, 1023.07219pt x 538.26094pt>
File: ./figures/Eclipse_libraries_1.pdf Graphic file (type pdf)

<use ./figures/Eclipse_libraries_1.pdf>
Package pdftex.def Info: ./figures/Eclipse_libraries_1.pdf used on input line 6
70.
(pdftex.def)             Requested size: 233.3125pt x 122.74612pt.
 [22 <./figures/Eclipse_project_1.pdf> <./figures/Eclipse_libraries.pdf> <./fig
ures/Eclipse_libraries_1.pdf>]

pdfTeX warning: pdflatex.exe (file ./figures/Net2Plan_introduce_algorithm.pdf):
 PDF inclusion: found PDF version <1.7>, but at most version <1.5> allowed

<./figures/Net2Plan_introduce_algorithm.pdf, id=361, 331.99031pt x 209.28188pt>
File: ./figures/Net2Plan_introduce_algorithm.pdf Graphic file (type pdf)
<use ./figures/Net2Plan_introduce_algorithm.pdf>
Package pdftex.def Info: ./figures/Net2Plan_introduce_algorithm.pdf used on inp
ut line 683.
(pdftex.def)             Requested size: 298.75394pt x 188.33914pt.


pdfTeX warning: pdflatex.exe (file ./figures/Eclipse_export.pdf): PDF inclusion
: found PDF version <1.7>, but at most version <1.5> allowed
<./figures/Eclipse_export.pdf, id=365, 384.6872pt x 409.53pt>
File: ./figures/Eclipse_export.pdf Graphic file (type pdf)

<use ./figures/Eclipse_export.pdf>
Package pdftex.def Info: ./figures/Eclipse_export.pdf used on input line 700.
(pdftex.def)             Requested size: 170.71652pt x 181.74348pt.


pdfTeX warning: pdflatex.exe (file ./figures/Eclipse_export_1.pdf): PDF inclusi
on: found PDF version <1.7>, but at most version <1.5> allowed
<./figures/Eclipse_export_1.pdf, id=366, 413.29407pt x 498.36188pt>
File: ./figures/Eclipse_export_1.pdf Graphic file (type pdf)

<use ./figures/Eclipse_export_1.pdf>
Package pdftex.def Info: ./figures/Eclipse_export_1.pdf used on input line 705.

(pdftex.def)             Requested size: 170.71652pt x 205.85817pt.
 [23 <./figures/Net2Plan_introduce_algorithm.pdf> <./figures/Eclipse_export.pdf
> <./figures/Eclipse_export_1.pdf>]

pdfTeX warning: pdflatex.exe (file ./figures/html_report.pdf): PDF inclusion: f
ound PDF version <1.7>, but at most version <1.5> allowed
<./figures/html_report.pdf, id=382, 1028.34187pt x 549.55313pt>
File: ./figures/html_report.pdf Graphic file (type pdf)

<use ./figures/html_report.pdf>
Package pdftex.def Info: ./figures/html_report.pdf used on input line 724.
(pdftex.def)             Requested size: 483.69684pt x 258.49126pt.
 [24 <./figures/html_report.pdf>]
Package atveryend Info: Empty hook `BeforeClearDocument' on input line 732.
Package atveryend Info: Empty hook `AfterLastShipout' on input line 732.

(Net2PlanGuide_Vasco_Braz.aux)
Package atveryend Info: Executing hook `AtVeryEndDocument' on input line 732.
Package atveryend Info: Executing hook `AtEndAfterFileList' on input line 732.
Package rerunfilecheck Info: File `Net2PlanGuide_Vasco_Braz.out' has not change
d.
(rerunfilecheck)             Checksum: D70160E1C3C49E05F988490CD8BAE940;967.
Package atveryend Info: Empty hook `AtVeryVeryEnd' on input line 732.
 ) 
Here is how much of TeX's memory you used:
 7143 strings out of 493335
 107626 string characters out of 3136689
 195569 words of memory out of 3000000
 10437 multiletter control sequences out of 15000+200000
 40885 words of font info for 94 fonts, out of 3000000 for 9000
 1141 hyphenation exceptions out of 8191
 29i,9n,28p,783b,329s stack positions out of 5000i,500n,10000p,200000b,50000s
{C:/Program Files (x86)/MiKTeX 2.9/fonts/enc/dvips/fontname/8r.enc}<C:/Progra
m Files (x86)/MiKTeX 2.9/fonts/type1/public/amsfonts/cm/cmex10.pfb><C:/Program 
Files (x86)/MiKTeX 2.9/fonts/type1/public/amsfonts/cm/cmmi10.pfb><C:/Program Fi
les (x86)/MiKTeX 2.9/fonts/type1/public/amsfonts/cm/cmr10.pfb><C:/Program Files
 (x86)/MiKTeX 2.9/fonts/type1/public/amsfonts/cm/cmsy10.pfb><C:/Program Files (
x86)/MiKTeX 2.9/fonts/type1/public/amsfonts/cm/cmtt12.pfb><C:/Program Files (x8
6)/MiKTeX 2.9/fonts/type1/public/eurosym/feymr10.pfb><C:/Program Files (x86)/Mi
KTeX 2.9/fonts/type1/urw/symbol/usyr.pfb><C:/Program Files (x86)/MiKTeX 2.9/fon
ts/type1/urw/symbol/usyr.pfb><C:/Program Files (x86)/MiKTeX 2.9/fonts/type1/urw
/times/utmb8a.pfb><C:/Program Files (x86)/MiKTeX 2.9/fonts/type1/urw/times/utmr
8a.pfb><C:/Program Files (x86)/MiKTeX 2.9/fonts/type1/urw/times/utmri8a.pfb>
Output written on Net2PlanGuide_Vasco_Braz.pdf (24 pages, 2347777 bytes).
PDF statistics:
 447 PDF objects out of 1000 (max. 8388607)
 85 named destinations out of 1000 (max. 500000)
 283 words of extra memory for PDF output out of 10000 (max. 10000000)

